<?xml version="1.0" encoding="UTF-8"?>
<!-- Generated by org.testng.reporters.JUnitXMLReporter -->
<testsuite hostname="P5-GKR0N62" name="Test" tests="5" failures="3" timestamp="14 Jun 2019 05:54:08 GMT" time="0.097" errors="0">
  <testcase name="demo" time="0.032" classname="TestngFeatures.DemoSoftAssertion">
    <failure type="java.lang.AssertionError" message="The following asserts failed:
	Error1 expected [12] but found [10],
	error2 expected [HII] but found [Hello]">
      <![CDATA[java.lang.AssertionError: The following asserts failed:
	Error1 expected [12] but found [10],
	error2 expected [HII] but found [Hello]
	at TestngFeatures.DemoSoftAssertion.demo(DemoSoftAssertion.java:17)
... Removed 26 stack frames]]>
    </failure>
  </testcase> <!-- demo -->
  <testcase name="test1" time="0.004" classname="TestngFeatures.DemoAssertion"/>
  <testcase name="test2" time="0.004" classname="TestngFeatures.DemoAssertion">
    <failure type="java.lang.AssertionError" message="Error from test2-18 greater than 20 expected [true] but found [false]">
      <![CDATA[java.lang.AssertionError: Error from test2-18 greater than 20 expected [true] but found [false]
	at TestngFeatures.DemoAssertion.test2(DemoAssertion.java:19)
... Removed 28 stack frames]]>
    </failure>
  </testcase> <!-- test2 -->
  <testcase name="test3" time="0.003" classname="TestngFeatures.DemoAssertion">
    <failure type="java.lang.AssertionError" message="Error from -both values are different expected [true] but found [false]">
      <![CDATA[java.lang.AssertionError: Error from -both values are different expected [true] but found [false]
	at TestngFeatures.DemoAssertion.test3(DemoAssertion.java:27)
... Removed 28 stack frames]]>
    </failure>
  </testcase> <!-- test3 -->
  <testcase name="test4" time="0.002" classname="TestngFeatures.DemoAssertion"/>
</testsuite> <!-- Test -->
